2023-03-01 17:00:46,276 - kedro.framework.session.session - INFO - Kedro project AzureFormRecognizer-Kedro
2023-03-02 00:03:15,467 - kedro.framework.session.session - INFO - Kedro project AzureFormRecognizer-Kedro
2023-03-02 00:29:37,081 - kedro.framework.session.session - INFO - Kedro project AzureFormRecognizer-Kedro
2023-03-02 00:32:35,433 - kedro.framework.session.session - INFO - Kedro project AzureFormRecognizer-Kedro
2023-03-02 00:47:20,829 - kedro.framework.session.session - INFO - Kedro project AzureFormRecognizer-Kedro
2023-03-02 00:47:56,864 - kedro.framework.session.session - INFO - Kedro project AzureFormRecognizer-Kedro
2023-03-02 00:50:27,875 - kedro.framework.session.session - INFO - Kedro project AzureFormRecognizer-Kedro
2023-03-02 00:51:56,897 - kedro.framework.session.session - INFO - Kedro project AzureFormRecognizer-Kedro
2023-03-02 00:54:28,381 - kedro.framework.session.session - INFO - Kedro project AzureFormRecognizer-Kedro
2023-03-02 00:57:18,050 - kedro.framework.session.session - INFO - Kedro project AzureFormRecognizer-Kedro
2023-03-02 01:04:49,908 - kedro.framework.session.session - INFO - Kedro project AzureFormRecognizer-Kedro
2023-03-02 01:05:29,123 - kedro.framework.session.session - INFO - Kedro project AzureFormRecognizer-Kedro
2023-03-02 01:08:59,213 - kedro.framework.session.session - INFO - Kedro project AzureFormRecognizer-Kedro
2023-03-02 01:09:19,819 - kedro.framework.session.session - INFO - Kedro project AzureFormRecognizer-Kedro
2023-03-02 01:13:35,715 - kedro.framework.session.session - INFO - Kedro project AzureFormRecognizer-Kedro
2023-03-02 01:14:02,470 - kedro.framework.session.session - INFO - Kedro project AzureFormRecognizer-Kedro
2023-03-02 01:15:31,341 - kedro.framework.session.session - INFO - Kedro project AzureFormRecognizer-Kedro
2023-03-02 01:16:12,013 - kedro.framework.session.session - INFO - Kedro project AzureFormRecognizer-Kedro
2023-03-02 01:16:12,977 - kedro.io.data_catalog - INFO - Loading data from 'raw_students_grades' (CSVDataSet)...
2023-03-02 01:16:12,988 - kedro.pipeline.node - INFO - Running node: pri_students_grades_nd: pri_clean_student_perf([raw_students_grades]) -> [pri_students_grades]
2023-03-02 01:16:12,991 - kedro.io.data_catalog - INFO - Saving data to 'pri_students_grades' (MemoryDataSet)...
2023-03-02 01:16:12,994 - kedro.runner.sequential_runner - INFO - Completed 1 out of 3 tasks
2023-03-02 01:16:12,996 - kedro.io.data_catalog - INFO - Loading data from 'pri_students_grades' (MemoryDataSet)...
2023-03-02 01:16:12,997 - kedro.pipeline.node - INFO - Running node: fea_students_grades_nd: fe_student_improvement([pri_students_grades]) -> [fea_students_grades]
2023-03-02 01:16:12,999 - kedro.io.data_catalog - INFO - Saving data to 'fea_students_grades' (MemoryDataSet)...
2023-03-02 01:16:13,002 - kedro.runner.sequential_runner - INFO - Completed 2 out of 3 tasks
2023-03-02 01:16:13,003 - kedro.io.data_catalog - INFO - Loading data from 'fea_students_grades' (MemoryDataSet)...
2023-03-02 01:16:13,005 - kedro.pipeline.node - INFO - Running node: rpt_students_grades_nd: reporting_student_improvement([fea_students_grades]) -> [rpt_students_grades]
2023-03-02 01:16:13,008 - kedro.io.data_catalog - INFO - Saving data to 'rpt_students_grades' (CSVDataSet)...
2023-03-02 01:16:13,017 - kedro.runner.sequential_runner - INFO - Completed 3 out of 3 tasks
2023-03-02 01:16:13,018 - kedro.runner.sequential_runner - INFO - Pipeline execution completed successfully.
2023-03-02 01:17:21,564 - kedro.framework.session.session - INFO - Kedro project AzureFormRecognizer-Kedro
2023-03-02 01:17:22,433 - kedro.io.data_catalog - INFO - Loading data from 'raw_students_grades' (CSVDataSet)...
2023-03-02 01:17:22,438 - kedro.pipeline.node - INFO - Running node: pri_students_grades_nd: pri_clean_student_perf([raw_students_grades]) -> [pri_students_grades]
2023-03-02 01:17:22,441 - kedro.io.data_catalog - INFO - Saving data to 'pri_students_grades' (MemoryDataSet)...
2023-03-02 01:17:22,444 - kedro.runner.sequential_runner - INFO - Completed 1 out of 3 tasks
2023-03-02 01:17:22,446 - kedro.io.data_catalog - INFO - Loading data from 'pri_students_grades' (MemoryDataSet)...
2023-03-02 01:17:22,448 - kedro.pipeline.node - INFO - Running node: fea_students_grades_nd: fe_student_improvement([pri_students_grades]) -> [fea_students_grades]
2023-03-02 01:17:22,450 - kedro.io.data_catalog - INFO - Saving data to 'fea_students_grades' (MemoryDataSet)...
2023-03-02 01:17:22,451 - kedro.runner.sequential_runner - INFO - Completed 2 out of 3 tasks
2023-03-02 01:17:22,453 - kedro.io.data_catalog - INFO - Loading data from 'fea_students_grades' (MemoryDataSet)...
2023-03-02 01:17:22,455 - kedro.pipeline.node - INFO - Running node: rpt_students_grades_nd: reporting_student_improvement([fea_students_grades]) -> [rpt_students_grades]
2023-03-02 01:17:22,458 - kedro.io.data_catalog - INFO - Saving data to 'rpt_students_grades' (CSVDataSet)...
2023-03-02 01:17:22,466 - kedro.runner.sequential_runner - INFO - Completed 3 out of 3 tasks
2023-03-02 01:17:22,468 - kedro.runner.sequential_runner - INFO - Pipeline execution completed successfully.
2023-03-02 01:30:18,400 - kedro.framework.session.session - INFO - Kedro project AzureFormRecognizer-Kedro
2023-03-02 01:30:21,394 - kedro.io.data_catalog - INFO - Loading data from 'raw_students_grades' (CSVDataSet)...
2023-03-02 01:30:21,403 - kedro.pipeline.node - INFO - Running node: pri_students_grades_nd: pri_clean_student_perf([raw_students_grades]) -> [pri_students_grades]
2023-03-02 01:30:21,406 - kedro.io.data_catalog - INFO - Saving data to 'pri_students_grades' (MemoryDataSet)...
2023-03-02 01:30:21,408 - kedro.runner.sequential_runner - INFO - Completed 1 out of 3 tasks
2023-03-02 01:30:21,410 - kedro.io.data_catalog - INFO - Loading data from 'pri_students_grades' (MemoryDataSet)...
2023-03-02 01:30:21,411 - kedro.pipeline.node - INFO - Running node: fea_students_grades_nd: fe_student_improvement([pri_students_grades]) -> [fea_students_grades]
2023-03-02 01:30:21,413 - kedro.io.data_catalog - INFO - Saving data to 'fea_students_grades' (MemoryDataSet)...
2023-03-02 01:30:21,415 - kedro.runner.sequential_runner - INFO - Completed 2 out of 3 tasks
2023-03-02 01:30:21,416 - kedro.io.data_catalog - INFO - Loading data from 'fea_students_grades' (MemoryDataSet)...
2023-03-02 01:30:21,418 - kedro.pipeline.node - INFO - Running node: rpt_students_grades_nd: reporting_student_improvement([fea_students_grades]) -> [rpt_students_grades]
2023-03-02 01:30:21,421 - kedro.io.data_catalog - INFO - Saving data to 'rpt_students_grades' (CSVDataSet)...
2023-03-02 01:30:21,445 - kedro.runner.sequential_runner - INFO - Completed 3 out of 3 tasks
2023-03-02 01:30:21,446 - kedro.runner.sequential_runner - INFO - Pipeline execution completed successfully.
2023-03-02 16:04:58,545 - kedro.framework.session.session - INFO - Kedro project AzureFormRecognizer-Kedro
2023-03-02 16:05:02,341 - kedro.io.data_catalog - INFO - Loading data from 'raw_students_grades' (CSVDataSet)...
2023-03-02 16:05:02,351 - kedro.pipeline.node - INFO - Running node: pri_students_grades_nd: pri_clean_student_perf([raw_students_grades]) -> [pri_students_grades]
2023-03-02 16:05:02,354 - kedro.io.data_catalog - INFO - Saving data to 'pri_students_grades' (MemoryDataSet)...
2023-03-02 16:05:02,357 - kedro.runner.sequential_runner - INFO - Completed 1 out of 3 tasks
2023-03-02 16:05:02,358 - kedro.io.data_catalog - INFO - Loading data from 'pri_students_grades' (MemoryDataSet)...
2023-03-02 16:05:02,359 - kedro.pipeline.node - INFO - Running node: fea_students_grades_nd: fe_student_improvement([pri_students_grades]) -> [fea_students_grades]
2023-03-02 16:05:02,362 - kedro.io.data_catalog - INFO - Saving data to 'fea_students_grades' (MemoryDataSet)...
2023-03-02 16:05:02,364 - kedro.runner.sequential_runner - INFO - Completed 2 out of 3 tasks
2023-03-02 16:05:02,365 - kedro.io.data_catalog - INFO - Loading data from 'fea_students_grades' (MemoryDataSet)...
2023-03-02 16:05:02,367 - kedro.pipeline.node - INFO - Running node: rpt_students_grades_nd: reporting_student_improvement([fea_students_grades]) -> [rpt_students_grades]
2023-03-02 16:05:02,371 - kedro.io.data_catalog - INFO - Saving data to 'rpt_students_grades' (CSVDataSet)...
2023-03-02 16:05:02,394 - kedro.runner.sequential_runner - INFO - Completed 3 out of 3 tasks
2023-03-02 16:05:02,396 - kedro.runner.sequential_runner - INFO - Pipeline execution completed successfully.
